TN:
SF:src/utils/dates.ts
FN:1,formatDate
FN:9,formatDateTime
FN:21,getTodayStart
FN:27,getTodayEnd
FNF:4
FNH:4
FNDA:7,formatDate
FNDA:7,formatDateTime
FNDA:2,getTodayStart
FNDA:2,getTodayEnd
DA:2,7
DA:10,7
DA:22,2
DA:23,2
DA:24,2
DA:28,2
DA:29,2
DA:30,2
LF:8
LH:8
BRF:0
BRH:0
end_of_record
TN:
SF:src/utils/money.ts
FN:3,formatMoney
FN:16,roundMoney
FN:20,calculateSubtotal
FN:25,calculateIVA
FN:29,calculateRetencionRenta
FN:33,calculateRetencionIVA
FN:37,calculateTotal
FNF:7
FNH:7
FNDA:3,formatMoney
FNDA:6,roundMoney
FNDA:2,calculateSubtotal
FNDA:1,calculateIVA
FNDA:1,calculateRetencionRenta
FNDA:1,calculateRetencionIVA
FNDA:1,calculateTotal
DA:4,3
DA:8,3
DA:17,6
DA:21,2
DA:22,2
DA:26,1
DA:30,1
DA:34,1
DA:43,1
LF:9
LH:9
BRDA:4,0,0,1
BRDA:4,0,1,2
BRDA:5,1,0,1
BRDA:5,1,1,1
BRDA:20,2,0,2
BRF:5
BRH:5
end_of_record
TN:
SF:tests/integration/setup.ts
FN:7,(anonymous_0)
FN:12,(anonymous_1)
FNF:2
FNH:2
FNDA:1,(anonymous_0)
FNDA:1,(anonymous_1)
DA:7,1
DA:8,1
DA:9,1
DA:12,1
DA:13,1
LF:5
LH:5
BRF:0
BRH:0
end_of_record
